<?xml version="1.0" encoding="UTF-8"?>
<Site BuildName="(empty)"
	BuildStamp="20230726-1031-Experimental"
	Name="(empty)"
	Generator="ctest-3.16.3"
	CompilerName=""
	CompilerVersion=""
	OSName="Linux"
	Hostname="yb-virtual-machine"
	OSRelease="5.4.0-153-generic"
	OSVersion="#170-Ubuntu SMP Fri Jun 16 13:43:31 UTC 2023"
	OSPlatform="x86_64"
	Is64Bits="1"
	VendorString="GenuineIntel"
	VendorID="Intel Corporation"
	FamilyID="6"
	ModelID="126"
	ProcessorCacheSize="8192"
	NumberOfLogicalCPU="2"
	NumberOfPhysicalCPU="2"
	TotalVirtualMemory="2047"
	TotalPhysicalMemory="3889"
	LogicalProcessorsPerPhysical="1"
	ProcessorClockFrequency="1497.6"
	>
	<Testing>
		<StartDateTime>Jul 26 18:31 CST</StartDateTime>
		<StartTestTime>1690367500</StartTestTime>
		<TestList/>
		<EndDateTime>Jul 26 18:31 CST</EndDateTime>
		<EndTestTime>1690367500</EndTestTime>
		<ElapsedMinutes>0</ElapsedMinutes>
	</Testing>
</Site>
